<?xml version="1.0" encoding="UTF-8"?>
<!-- Generated by org.testng.reporters.JUnitReportReporter -->
<testsuite hostname="INLEN8520080655" failures="0" tests="1" name="com.demo.PayBackSearch.SearchTest" time="30.593" errors="0" timestamp="2023-03-04T09:54:17 IST" skipped="0">
  <testcase classname="com.demo.PayBackSearch.SearchTest" name="search" time="30.593"/>
  <system-out/>
</testsuite> <!-- com.demo.PayBackSearch.SearchTest -->
