<?xml version="1.0" encoding="UTF-8"?>
<!-- Generated by org.testng.reporters.JUnitReportReporter -->
<testsuite hostname="INLEN8520080655" failures="0" tests="5" name="com.demo.PayBackSearch.SearchtestNG" time="115.246" errors="0" timestamp="2023-03-04T10:06:29 IST" skipped="0">
  <testcase classname="com.demo.PayBackSearch.SearchtestNG" name="Iwishto" time="7.294"/>
  <system-out/>
  <testcase classname="com.demo.PayBackSearch.SearchtestNG" name="selectEarnPointsOption" time="18.728"/>
  <system-out/>
  <testcase classname="com.demo.PayBackSearch.SearchtestNG" name="clickSearchButton" time="26.115"/>
  <system-out/>
  <testcase classname="com.demo.PayBackSearch.SearchtestNG" name="checkbox" time="36.469"/>
  <system-out/>
  <testcase classname="com.demo.PayBackSearch.SearchtestNG" name="sorting" time="26.640"/>
  <system-out/>
</testsuite> <!-- com.demo.PayBackSearch.SearchtestNG -->
